<?xml version="1.0" encoding="UTF-8"?>
<!-- Generated by org.testng.reporters.JUnitXMLReporter -->
<testsuite ignored="0" hostname="LeshmiSat" failures="0" tests="4" name="Test" time="39.129" errors="0" timestamp="2022-01-28T13:02:55 IST">
  <testcase classname="com.buffalocart.test.NewUserTest" name="newLead" time="18.84"/>
  <testcase classname="com.buffalocart.test.NewUserTest" name="userPage" time="4.517"/>
  <testcase classname="com.buffalocart.test.NewUserTest" name="createnewUserpage" time="6.228"/>
  <testcase classname="com.buffalocart.test.NewUserTest" name="create" time="0.025"/>
</testsuite> <!-- Test -->
