<?xml version="1.0" encoding="UTF-8"?>
<testng-results ignored="0" total="4" passed="4" failed="0" skipped="0">
  <reporter-output>
  </reporter-output>
  <suite started-at="2022-01-28T13:02:16 IST" name="Suite" finished-at="2022-01-28T13:02:55 IST" duration-ms="39129">
    <groups>
    </groups>
    <test started-at="2022-01-28T13:02:16 IST" name="Test" finished-at="2022-01-28T13:02:55 IST" duration-ms="39129">
      <class name="com.buffalocart.test.NewUserTest">
        <test-method is-config="true" signature="setup(java.lang.String)[pri:0, instance:com.buffalocart.test.NewUserTest@3ee37e5a]" started-at="2022-01-28T13:02:16 IST" name="setup" finished-at="2022-01-28T13:02:24 IST" duration-ms="7942" status="PASS">
          <params>
            <param index="0">
              <value>
                <![CDATA[chrome]]>
              </value>
            </param>
          </params>
          <reporter-output>
          </reporter-output>
        </test-method> <!-- setup -->
        <test-method signature="newLead(java.lang.String,java.lang.String)[pri:1, instance:com.buffalocart.test.NewUserTest@3ee37e5a]" started-at="2022-01-28T13:02:26 IST" name="newLead" data-provider="dp" finished-at="2022-01-28T13:02:44 IST" duration-ms="18840" status="PASS">
          <params>
            <param index="0">
              <value>
                <![CDATA[admin]]>
              </value>
            </param>
            <param index="1">
              <value>
                <![CDATA[123456]]>
              </value>
            </param>
          </params>
          <reporter-output>
          </reporter-output>
        </test-method> <!-- newLead -->
        <test-method signature="userPage()[pri:2, instance:com.buffalocart.test.NewUserTest@3ee37e5a]" started-at="2022-01-28T13:02:44 IST" name="userPage" description="TC_010_verifyTitlepage" finished-at="2022-01-28T13:02:49 IST" duration-ms="4517" status="PASS">
          <reporter-output>
          </reporter-output>
        </test-method> <!-- userPage -->
        <test-method signature="createnewUserpage(java.lang.String,java.lang.String,java.lang.String,java.lang.String,java.lang.String)[pri:3, instance:com.buffalocart.test.NewUserTest@3ee37e5a]" started-at="2022-01-28T13:02:49 IST" name="createnewUserpage" description="TC_011_Createnewuser" data-provider="dp2" finished-at="2022-01-28T13:02:55 IST" duration-ms="6228" status="PASS">
          <params>
            <param index="0">
              <value>
                <![CDATA[niyathi]]>
              </value>
            </param>
            <param index="1">
              <value>
                <![CDATA[niya12]]>
              </value>
            </param>
            <param index="2">
              <value>
                <![CDATA[123567]]>
              </value>
            </param>
            <param index="3">
              <value>
                <![CDATA[123567]]>
              </value>
            </param>
            <param index="4">
              <value>
                <![CDATA[niya@gmail.com]]>
              </value>
            </param>
          </params>
          <reporter-output>
          </reporter-output>
        </test-method> <!-- createnewUserpage -->
        <test-method signature="create()[pri:4, instance:com.buffalocart.test.NewUserTest@3ee37e5a]" started-at="2022-01-28T13:02:55 IST" name="create" description="TC_013_Created" finished-at="2022-01-28T13:02:55 IST" duration-ms="25" status="PASS">
          <reporter-output>
          </reporter-output>
        </test-method> <!-- create -->
        <test-method is-config="true" signature="afterTest()[pri:0, instance:com.buffalocart.test.NewUserTest@3ee37e5a]" started-at="2022-01-28T13:02:55 IST" name="afterTest" finished-at="2022-01-28T13:02:55 IST" duration-ms="1" status="PASS">
          <reporter-output>
          </reporter-output>
        </test-method> <!-- afterTest -->
      </class> <!-- com.buffalocart.test.NewUserTest -->
    </test> <!-- Test -->
  </suite> <!-- Suite -->
</testng-results>
